nohup: ignoring input
[1] ##################################################
[1] NOTE: Model tuning for the data /home/ltamon/DPhil/Collaboration/iMotif_Opt/out_featureTable/DATA_feat.csv
[1] NOTE: fitname - FIT_GBM_2
[1] NOTE: Number of CPUs used  - 2
[1] NOTE: Machine learning method used - GBM (xgbTree)
[1] NOTE: Validation scheme - 5-fold CV
[1] NOTE:                      repeated 3 times.
[1] NOTE: CenterScaling - TRUE
[1] ##################################################
          used (Mb) gc trigger  (Mb) max used  (Mb)
Ncells 1822003 97.4    3480731 185.9  2638190 140.9
Vcells 2986742 22.8    8388608  64.0  4496274  34.4
null device 
          1 
[1] NOTE: Model fitting...
          used  (Mb) gc trigger  (Mb) max used  (Mb)
Ncells 2016362 107.7    3480731 185.9  3480731 185.9
Vcells 3538930  27.0    8388608  64.0  6908198  52.8
[1] NOTE: Saving the results for the first level.
          used  (Mb) gc trigger  (Mb) max used  (Mb)
Ncells 2016413 107.7    3480731 185.9  3480731 185.9
Vcells 3538961  27.1    8388608  64.0  6908198  52.8
