nohup: ignoring input
[1] ##################################################
[1] NOTE: Model tuning for the data /home/ltamon/DPhil/Collaboration/iMotif_Opt/out_featureTable/DATA_feat.csv
[1] NOTE: Number of CPUs used  - 2
[1] NOTE: Machine learning method used - GBM (xgbTree)
[1] NOTE: Validation scheme - 5-fold CV
[1] NOTE:                      repeated 3 times.
[1] ##################################################
          used (Mb) gc trigger  (Mb) max used  (Mb)
Ncells 1821996 97.4    3480711 185.9  2638190 140.9
Vcells 2986739 22.8    8388608  64.0  4496274  34.4
null device 
          1 
          used (Mb) gc trigger  (Mb) max used  (Mb)
Ncells 1854360 99.1    3480711 185.9  2638190 140.9
Vcells 3059354 23.4    8388608  64.0  4496274  34.4
[1] NOTE: Model fitting...
          used  (Mb) gc trigger  (Mb) max used  (Mb)
Ncells 2016296 107.7    3480711 185.9  3480711 185.9
Vcells 3538384  27.0    8388608  64.0  6864039  52.4
[1] NOTE: Saving the results for the first level.
          used  (Mb) gc trigger  (Mb) max used  (Mb)
Ncells 2016347 107.7    3480711 185.9  3480711 185.9
Vcells 3538415  27.0    8388608  64.0  6864039  52.4
